This file contains any messages produced by compilers while
running configure, to aid debugging if configure makes a mistake.

It was created by libpng configure 1.2.8-automake, which was
generated by GNU Autoconf 2.57.  Invocation command line was

  $ ./configure --prefix=/g/g21/jdurren/projects/griz/6/19/GrizDist/GRIZ4-chaos_3_x86

## --------- ##
## Platform. ##
## --------- ##

hostname = ilx3
uname -m = i686
uname -r = 2.6.9-41chaos
uname -s = Linux
uname -v = #1 SMP Thu May 18 12:28:03 PDT 2006

/usr/bin/uname -p = unknown
/bin/uname -X     = unknown

/bin/arch              = i686
/usr/bin/arch -k       = unknown
/usr/convex/getsysinfo = unknown
hostinfo               = unknown
/bin/machine           = unknown
/usr/bin/oslevel       = unknown
/bin/universe          = unknown

PATH: /g/g21/jdurren/qt/chaos_3_x86/bin
PATH: /g/g21/jdurren/netbeans-5.0/bin
PATH: /g/g21/jdurren/ant/bin
PATH: /usr/gapps/tapestry/dev
PATH: /usr/local/intel/compiler90/bin
PATH: /g/g21/jdurren/qt/chaos_3_x86/bin
PATH: /g/g21/jdurren/netbeans-5.0/bin
PATH: /g/g21/jdurren/ant/bin
PATH: /usr/gapps/tapestry/dev
PATH: /usr/local/intel/compiler90/bin
PATH: ./bin
PATH: /usr/local/intel/compiler90/bin
PATH: /usr/local/bin
PATH: /bin
PATH: /usr/bin
PATH: /usr/bin/X11
PATH: /usr/lib/mpi/bin
PATH: /usr/apps/bin
PATH: /usr/gapps/bin
PATH: /usr/kerberos/bin
PATH: .


## ----------- ##
## Core tests. ##
## ----------- ##

configure:1498: checking for a BSD-compatible install
configure:1552: result: /usr/bin/install -c
configure:1563: checking whether build environment is sane
configure:1606: result: yes
configure:1639: checking for gawk
configure:1655: found /bin/gawk
configure:1665: result: gawk
configure:1675: checking whether make sets $(MAKE)
configure:1695: result: yes
configure:1901: checking for gcc
configure:1917: found /usr/local/bin/gcc
configure:1927: result: gcc
configure:2171: checking for C compiler version
configure:2174: gcc --version </dev/null >&5
gcc.orig (GCC) 3.4.4 20050721 (Red Hat 3.4.4-2)
Copyright (C) 2004 Free Software Foundation, Inc.
This is free software; see the source for copying conditions.  There is NO
warranty; not even for MERCHANTABILITY or FITNESS FOR A PARTICULAR PURPOSE.

configure:2177: $? = 0
configure:2179: gcc -v </dev/null >&5
Reading specs from /usr/local/tools/gnu/gcc/3.4.4_RH_chaos_3_x86/bin/../lib/gcc/i386-redhat-linux/3.4.4/specs
Configured with: ../configure --prefix=/usr --mandir=/usr/share/man --infodir=/usr/share/info --enable-shared --enable-threads=posix --disable-checking --with-system-zlib --enable-__cxa_atexit --disable-libunwind-exceptions --enable-java-awt=gtk --host=i386-redhat-linux
Thread model: posix
gcc version 3.4.4 20050721 (Red Hat 3.4.4-2)
 /usr/local/tools/gnu/gcc/3.4.4_RH_chaos_3_x86/bin/../libexec/gcc/i386-redhat-linux/3.4.4/collect2 --eh-frame-hdr -m elf_i386 -dynamic-linker /lib/ld-linux.so.2 /usr/local/tools/gnu/gcc/3.4.4_RH_chaos_3_x86/bin/../lib/gcc/i386-redhat-linux/3.4.4/../../../crt1.o /usr/local/tools/gnu/gcc/3.4.4_RH_chaos_3_x86/bin/../lib/gcc/i386-redhat-linux/3.4.4/../../../crti.o /usr/local/tools/gnu/gcc/3.4.4_RH_chaos_3_x86/bin/../lib/gcc/i386-redhat-linux/3.4.4/crtbegin.o -L/usr/local/tools/gnu/gcc/3.4.4_RH_chaos_3_x86/bin/../lib/gcc/i386-redhat-linux/3.4.4 -L/usr/local/tools/gnu/gcc/3.4.4_RH_chaos_3_x86/bin/../lib/gcc -L/usr/lib/gcc/i386-redhat-linux/3.4.4 -L/usr/lib/gcc/i386-redhat-linux/3.4.4 -L/usr/local/tools/gnu/gcc/3.4.4_RH_chaos_3_x86/bin/../lib/gcc/i386-redhat-linux/3.4.4/../../.. -L/usr/lib/gcc/i386-redhat-linux/3.4.4/../../.. -rpath /usr/local/tools/gnu/gcc/3.4.4_RH_chaos_3_x86/usr/lib -lgcc --as-needed -lgcc_s --no-as-needed -lc -lgcc --as-needed -lgcc_s --no-as-needed /usr/local/tools/gnu/gcc/3.4.4_RH_chaos_3_x86/bin/../lib/gcc/i386-redhat-linux/3.4.4/crtend.o /usr/lib/crtn.o
/usr/local/tools/gnu/gcc/3.4.4_RH_chaos_3_x86/bin/../lib/gcc/i386-redhat-linux/3.4.4/../../../crt1.o(.text+0x18): In function `_start':
: undefined reference to `main'
collect2: ld returned 1 exit status
configure:2182: $? = 1
configure:2184: gcc -V </dev/null >&5
gcc.orig: couldn't run `/usr/local/tools/gnu/gcc/3.4.4_RH_chaos_3_x86/bin/i386-redhat-linux-gcc--Wl,-rpath,/usr/local/tools/gnu/gcc/3.4.4_RH_chaos_3_x86/usr/lib': No such file or directory
configure:2187: $? = 1
configure:2211: checking for C compiler default output
configure:2214: gcc    conftest.c  >&5
configure:2217: $? = 0
configure:2263: result: a.out
configure:2268: checking whether the C compiler works
configure:2274: ./a.out
configure:2277: $? = 0
configure:2294: result: yes
configure:2301: checking whether we are cross compiling
configure:2303: result: no
configure:2306: checking for suffix of executables
configure:2308: gcc -o conftest    conftest.c  >&5
configure:2311: $? = 0
configure:2336: result: 
configure:2342: checking for suffix of object files
configure:2364: gcc -c   conftest.c >&5
configure:2367: $? = 0
configure:2389: result: o
configure:2393: checking whether we are using the GNU C compiler
configure:2418: gcc -c   conftest.c >&5
configure:2421: $? = 0
configure:2424: test -s conftest.o
configure:2427: $? = 0
configure:2440: result: yes
configure:2446: checking whether gcc accepts -g
configure:2468: gcc -c -g  conftest.c >&5
configure:2471: $? = 0
configure:2474: test -s conftest.o
configure:2477: $? = 0
configure:2488: result: yes
configure:2505: checking for gcc option to accept ANSI C
configure:2566: gcc  -c -g -O2  conftest.c >&5
configure:2569: $? = 0
configure:2572: test -s conftest.o
configure:2575: $? = 0
configure:2593: result: none needed
configure:2611: gcc -c -g -O2  conftest.c >&5
conftest.c:2: error: syntax error before "me"
configure:2614: $? = 1
configure: failed program was:
| #ifndef __cplusplus
|   choke me
| #endif
configure:2742: checking for style of include used by make
configure:2770: result: GNU
configure:2798: checking dependency style of gcc
configure:2860: result: gcc3
configure:2877: checking whether make sets $(MAKE)
configure:2897: result: yes
configure:2978: checking build system type
configure:2996: result: i686-pc-linux-gnu
configure:3004: checking host system type
configure:3018: result: i686-pc-linux-gnu
configure:3048: checking for ld used by GCC
configure:3111: result: /usr/local/bin/ld
configure:3120: checking if the linker (/usr/local/bin/ld) is GNU ld
GNU ld version 2.15.92.0.2 20040927
configure:3132: result: yes
configure:3137: checking for /usr/local/bin/ld option to reload object files
configure:3144: result: -r
configure:3149: checking for BSD-compatible nm
configure:3185: result: /usr/bin/nm -B
configure:3188: checking for a sed that does not truncate output
configure:3270: result: /bin/sed
configure:3273: checking whether ln -s works
configure:3277: result: yes
configure:3284: checking how to recognise dependent libraries
configure:3465: result: pass_all
configure:3478: checking command to parse /usr/bin/nm -B output
configure:3562: gcc -c -g -O2  conftest.c >&5
configure:3565: $? = 0
configure:3569: /usr/bin/nm -B conftest.o \| sed -n -e 's/^.*[ 	]\([ABCDGISTW][ABCDGISTW]*\)[ 	][ 	]*\(\)\([_A-Za-z][_A-Za-z0-9]*\)$/\1 \2\3 \3/p' \> conftest.nm
configure:3572: $? = 0
configure:3624: gcc -o conftest -g -O2   conftest.c conftstm.o >&5
configure:3627: $? = 0
configure:3671: result: ok
configure:3680: checking how to run the C preprocessor
configure:3716: gcc -E  conftest.c
configure:3722: $? = 0
configure:3754: gcc -E  conftest.c
configure:3755:28: ac_nonexistent.h: No such file or directory
configure:3760: $? = 1
configure: failed program was:
| #line 3745 "configure"
| /* confdefs.h.  */
| 
| #define PACKAGE_NAME "libpng"
| #define PACKAGE_TARNAME "libpng"
| #define PACKAGE_VERSION "1.2.8-automake"
| #define PACKAGE_STRING "libpng 1.2.8-automake"
| #define PACKAGE_BUGREPORT "png-implement@ccrc.wustl.edu"
| #define PACKAGE "libpng"
| #define VERSION "1.2.8-automake"
| /* end confdefs.h.  */
| #include <ac_nonexistent.h>
configure:3798: result: gcc -E
configure:3823: gcc -E  conftest.c
configure:3829: $? = 0
configure:3861: gcc -E  conftest.c
configure:3862:28: ac_nonexistent.h: No such file or directory
configure:3867: $? = 1
configure: failed program was:
| #line 3852 "configure"
| /* confdefs.h.  */
| 
| #define PACKAGE_NAME "libpng"
| #define PACKAGE_TARNAME "libpng"
| #define PACKAGE_VERSION "1.2.8-automake"
| #define PACKAGE_STRING "libpng 1.2.8-automake"
| #define PACKAGE_BUGREPORT "png-implement@ccrc.wustl.edu"
| #define PACKAGE "libpng"
| #define VERSION "1.2.8-automake"
| /* end confdefs.h.  */
| #include <ac_nonexistent.h>
configure:3910: checking for egrep
configure:3920: result: grep -E
configure:3925: checking for ANSI C header files
configure:3951: gcc -c -g -O2  conftest.c >&5
configure:3954: $? = 0
configure:3957: test -s conftest.o
configure:3960: $? = 0
configure:4052: gcc -o conftest -g -O2   conftest.c  >&5
configure:4055: $? = 0
configure:4057: ./conftest
configure:4060: $? = 0
configure:4075: result: yes
configure:4099: checking for sys/types.h
configure:4116: gcc -c -g -O2  conftest.c >&5
configure:4119: $? = 0
configure:4122: test -s conftest.o
configure:4125: $? = 0
configure:4136: result: yes
configure:4099: checking for sys/stat.h
configure:4116: gcc -c -g -O2  conftest.c >&5
configure:4119: $? = 0
configure:4122: test -s conftest.o
configure:4125: $? = 0
configure:4136: result: yes
configure:4099: checking for stdlib.h
configure:4116: gcc -c -g -O2  conftest.c >&5
configure:4119: $? = 0
configure:4122: test -s conftest.o
configure:4125: $? = 0
configure:4136: result: yes
configure:4099: checking for string.h
configure:4116: gcc -c -g -O2  conftest.c >&5
configure:4119: $? = 0
configure:4122: test -s conftest.o
configure:4125: $? = 0
configure:4136: result: yes
configure:4099: checking for memory.h
configure:4116: gcc -c -g -O2  conftest.c >&5
configure:4119: $? = 0
configure:4122: test -s conftest.o
configure:4125: $? = 0
configure:4136: result: yes
configure:4099: checking for strings.h
configure:4116: gcc -c -g -O2  conftest.c >&5
configure:4119: $? = 0
configure:4122: test -s conftest.o
configure:4125: $? = 0
configure:4136: result: yes
configure:4099: checking for inttypes.h
configure:4116: gcc -c -g -O2  conftest.c >&5
configure:4119: $? = 0
configure:4122: test -s conftest.o
configure:4125: $? = 0
configure:4136: result: yes
configure:4099: checking for stdint.h
configure:4116: gcc -c -g -O2  conftest.c >&5
configure:4119: $? = 0
configure:4122: test -s conftest.o
configure:4125: $? = 0
configure:4136: result: yes
configure:4099: checking for unistd.h
configure:4116: gcc -c -g -O2  conftest.c >&5
configure:4119: $? = 0
configure:4122: test -s conftest.o
configure:4125: $? = 0
configure:4136: result: yes
configure:4162: checking dlfcn.h usability
configure:4175: gcc -c -g -O2  conftest.c >&5
configure:4178: $? = 0
configure:4181: test -s conftest.o
configure:4184: $? = 0
configure:4194: result: yes
configure:4198: checking dlfcn.h presence
configure:4209: gcc -E  conftest.c
configure:4215: $? = 0
configure:4234: result: yes
configure:4270: checking for dlfcn.h
configure:4277: result: yes
configure:4475: checking for ranlib
configure:4491: found /usr/bin/ranlib
configure:4502: result: ranlib
configure:4555: checking for strip
configure:4571: found /usr/bin/strip
configure:4582: result: strip
configure:4792: checking for objdir
configure:4803: result: .libs
configure:4820: checking for gcc option to produce PIC
configure:4966: result: -fPIC
configure:4970: checking if gcc PIC flag -fPIC works
configure:4994: gcc -c -g -O2 -fPIC -DPIC  conftest.c >&5
configure:4997: $? = 0
configure:5000: test -s conftest.o
configure:5003: $? = 0
configure:5041: result: yes
configure:5057: checking if gcc static flag -static works
configure:5082: gcc -o conftest -g -O2   -static conftest.c  >&5
configure:5085: $? = 0
configure:5088: test -s conftest
configure:5091: $? = 0
configure:5107: result: yes
configure:5119: checking if gcc supports -c -o file.o
configure:5139: gcc -c -g -O2 -o out/conftest2.o  conftest.c >&5
configure:5163: result: yes
configure:5168: checking if gcc supports -c -o file.lo
configure:5196: gcc -c -g -O2 -c -o conftest.lo  conftest.c >&5
configure:5199: $? = 0
configure:5202: test -s conftest.lo
configure:5205: $? = 0
configure:5227: result: yes
configure:5258: checking if gcc supports -fno-rtti -fno-exceptions
configure:5281: gcc -c -g -O2 -fno-rtti -fno-exceptions -c conftest.c  conftest.c >&5
cc1: warning: command line option "-fno-rtti" is valid for C++/ObjC++ but not for C
cc1: warning: command line option "-fno-rtti" is valid for C++/ObjC++ but not for C
configure:5284: $? = 0
configure:5287: test -s conftest.o
configure:5290: $? = 0
configure:5307: result: yes
configure:5318: checking whether the linker (/usr/local/bin/ld) supports shared libraries
configure:6013: result: yes
configure:6018: checking how to hardcode library paths into programs
configure:6042: result: immediate
configure:6047: checking whether stripping libraries is possible
configure:6052: result: yes
configure:6063: checking dynamic linker characteristics
configure:6483: result: GNU/Linux ld.so
configure:6488: checking if libtool supports shared libraries
configure:6490: result: yes
configure:6493: checking whether to build shared libraries
configure:6514: result: yes
configure:6517: checking whether to build static libraries
configure:6521: result: yes
configure:7195: checking whether -lc should be explicitly linked in
configure:7203: gcc -c -g -O2  conftest.c >&5
configure:7206: $? = 0
configure:7220: gcc -shared conftest.o  -v -Wl,-soname -Wl,conftest -o conftest 2\>\&1 \| grep  -lc  \>/dev/null 2\>\&1
configure:7223: $? = 0
configure:7236: result: no
configure:7811: checking for X
configure:8031: result: libraries /usr/X11R6/lib, headers /usr/X11R6/include
configure:8035: checking for ANSI C header files
configure:8185: result: yes
configure:8214: checking fcntl.h usability
configure:8227: gcc -c -g -O2  conftest.c >&5
configure:8230: $? = 0
configure:8233: test -s conftest.o
configure:8236: $? = 0
configure:8246: result: yes
configure:8250: checking fcntl.h presence
configure:8261: gcc -E  conftest.c
configure:8267: $? = 0
configure:8286: result: yes
configure:8322: checking for fcntl.h
configure:8329: result: yes
configure:8214: checking malloc.h usability
configure:8227: gcc -c -g -O2  conftest.c >&5
configure:8230: $? = 0
configure:8233: test -s conftest.o
configure:8236: $? = 0
configure:8246: result: yes
configure:8250: checking malloc.h presence
configure:8261: gcc -E  conftest.c
configure:8267: $? = 0
configure:8286: result: yes
configure:8322: checking for malloc.h
configure:8329: result: yes
configure:8205: checking for stdlib.h
configure:8210: result: yes
configure:8205: checking for string.h
configure:8210: result: yes
configure:8205: checking for strings.h
configure:8210: result: yes
configure:8205: checking for unistd.h
configure:8210: result: yes
configure:8344: checking for an ANSI C-conforming const
configure:8412: gcc -c -g -O2  conftest.c >&5
configure:8415: $? = 0
configure:8418: test -s conftest.o
configure:8421: $? = 0
configure:8432: result: yes
configure:8442: checking for size_t
configure:8467: gcc -c -g -O2  conftest.c >&5
configure:8470: $? = 0
configure:8473: test -s conftest.o
configure:8476: $? = 0
configure:8487: result: yes
configure:8499: checking whether struct tm is in sys/time.h or time.h
configure:8523: gcc -c -g -O2  conftest.c >&5
configure:8526: $? = 0
configure:8529: test -s conftest.o
configure:8532: $? = 0
configure:8543: result: time.h
configure:8560: checking for stdlib.h
configure:8565: result: yes
configure:8697: checking for GNU libc compatible malloc
configure:8727: gcc -o conftest -g -O2   conftest.c  >&5
configure:8730: $? = 0
configure:8732: ./conftest
configure:8735: $? = 0
configure:8749: result: yes
configure:8772: checking for working strtod
configure:8816: gcc -o conftest -g -O2   conftest.c  >&5
configure:8819: $? = 0
configure:8821: ./conftest
configure:8824: $? = 0
configure:8838: result: yes
configure:8988: checking for memset
configure:9038: gcc -o conftest -g -O2   conftest.c  >&5
configure:9039: warning: conflicting types for built-in function 'memset'
configure:9041: $? = 0
configure:9044: test -s conftest
configure:9047: $? = 0
configure:9058: result: yes
configure:8988: checking for pow
configure:9038: gcc -o conftest -g -O2   conftest.c  >&5
configure:9040: warning: conflicting types for built-in function 'pow'
/var/tmp/jdurren/ccoWViyr.o(.text+0x14): In function `main':
/g/g21/jdurren/projects/griz/6/19/GrizDist/PNG/png/configure:9056: undefined reference to `pow'
/var/tmp/jdurren/ccoWViyr.o(.data+0x0): undefined reference to `pow'
collect2: ld returned 1 exit status
configure:9041: $? = 1
configure: failed program was:
| #line 8993 "configure"
| /* confdefs.h.  */
| 
| #define PACKAGE_NAME "libpng"
| #define PACKAGE_TARNAME "libpng"
| #define PACKAGE_VERSION "1.2.8-automake"
| #define PACKAGE_STRING "libpng 1.2.8-automake"
| #define PACKAGE_BUGREPORT "png-implement@ccrc.wustl.edu"
| #define PACKAGE "libpng"
| #define VERSION "1.2.8-automake"
| #define STDC_HEADERS 1
| #define HAVE_SYS_TYPES_H 1
| #define HAVE_SYS_STAT_H 1
| #define HAVE_STDLIB_H 1
| #define HAVE_STRING_H 1
| #define HAVE_MEMORY_H 1
| #define HAVE_STRINGS_H 1
| #define HAVE_INTTYPES_H 1
| #define HAVE_STDINT_H 1
| #define HAVE_UNISTD_H 1
| #define HAVE_DLFCN_H 1
| #define STDC_HEADERS 1
| #define HAVE_FCNTL_H 1
| #define HAVE_MALLOC_H 1
| #define HAVE_STDLIB_H 1
| #define HAVE_STRING_H 1
| #define HAVE_STRINGS_H 1
| #define HAVE_UNISTD_H 1
| #define HAVE_STDLIB_H 1
| #define HAVE_MALLOC 1
| #define HAVE_MEMSET 1
| /* end confdefs.h.  */
| /* System header to define __stub macros and hopefully few prototypes,
|     which can conflict with char pow (); below.
|     Prefer <limits.h> to <assert.h> if __STDC__ is defined, since
|     <limits.h> exists even on freestanding compilers.  */
| #ifdef __STDC__
| # include <limits.h>
| #else
| # include <assert.h>
| #endif
| /* Override any gcc2 internal prototype to avoid an error.  */
| #ifdef __cplusplus
| extern "C"
| {
| #endif
| /* We use char because int might match the return type of a gcc2
|    builtin and then its argument prototype would still apply.  */
| char pow ();
| /* The GNU C library defines this for functions which it implements
|     to always fail with ENOSYS.  Some functions are actually named
|     something starting with __ and the normal name is an alias.  */
| #if defined (__stub_pow) || defined (__stub___pow)
| choke me
| #else
| char (*f) () = pow;
| #endif
| #ifdef __cplusplus
| }
| #endif
| 
| int
| main ()
| {
| return f != pow;
|   ;
|   return 0;
| }
configure:9058: result: no
configure:8988: checking for strrchr
configure:9038: gcc -o conftest -g -O2   conftest.c  >&5
configure:9040: warning: conflicting types for built-in function 'strrchr'
configure:9041: $? = 0
configure:9044: test -s conftest
configure:9047: $? = 0
configure:9058: result: yes
configure:9068: checking for sqrt
configure:9118: gcc -o conftest -g -O2   conftest.c  >&5
configure:9121: warning: conflicting types for built-in function 'sqrt'
/var/tmp/jdurren/cccu130U.o(.text+0x14): In function `main':
/g/g21/jdurren/projects/griz/6/19/GrizDist/PNG/png/configure:9137: undefined reference to `sqrt'
/var/tmp/jdurren/cccu130U.o(.data+0x0): undefined reference to `sqrt'
collect2: ld returned 1 exit status
configure:9121: $? = 1
configure: failed program was:
| #line 9073 "configure"
| /* confdefs.h.  */
| 
| #define PACKAGE_NAME "libpng"
| #define PACKAGE_TARNAME "libpng"
| #define PACKAGE_VERSION "1.2.8-automake"
| #define PACKAGE_STRING "libpng 1.2.8-automake"
| #define PACKAGE_BUGREPORT "png-implement@ccrc.wustl.edu"
| #define PACKAGE "libpng"
| #define VERSION "1.2.8-automake"
| #define STDC_HEADERS 1
| #define HAVE_SYS_TYPES_H 1
| #define HAVE_SYS_STAT_H 1
| #define HAVE_STDLIB_H 1
| #define HAVE_STRING_H 1
| #define HAVE_MEMORY_H 1
| #define HAVE_STRINGS_H 1
| #define HAVE_INTTYPES_H 1
| #define HAVE_STDINT_H 1
| #define HAVE_UNISTD_H 1
| #define HAVE_DLFCN_H 1
| #define STDC_HEADERS 1
| #define HAVE_FCNTL_H 1
| #define HAVE_MALLOC_H 1
| #define HAVE_STDLIB_H 1
| #define HAVE_STRING_H 1
| #define HAVE_STRINGS_H 1
| #define HAVE_UNISTD_H 1
| #define HAVE_STDLIB_H 1
| #define HAVE_MALLOC 1
| #define HAVE_MEMSET 1
| #define HAVE_STRRCHR 1
| /* end confdefs.h.  */
| /* System header to define __stub macros and hopefully few prototypes,
|     which can conflict with char sqrt (); below.
|     Prefer <limits.h> to <assert.h> if __STDC__ is defined, since
|     <limits.h> exists even on freestanding compilers.  */
| #ifdef __STDC__
| # include <limits.h>
| #else
| # include <assert.h>
| #endif
| /* Override any gcc2 internal prototype to avoid an error.  */
| #ifdef __cplusplus
| extern "C"
| {
| #endif
| /* We use char because int might match the return type of a gcc2
|    builtin and then its argument prototype would still apply.  */
| char sqrt ();
| /* The GNU C library defines this for functions which it implements
|     to always fail with ENOSYS.  Some functions are actually named
|     something starting with __ and the normal name is an alias.  */
| #if defined (__stub_sqrt) || defined (__stub___sqrt)
| choke me
| #else
| char (*f) () = sqrt;
| #endif
| #ifdef __cplusplus
| }
| #endif
| 
| int
| main ()
| {
| return f != sqrt;
|   ;
|   return 0;
| }
configure:9138: result: no
configure:9144: checking for sqrt in -lm
configure:9175: gcc -o conftest -g -O2   conftest.c -lm   >&5
configure:9190: warning: conflicting types for built-in function 'sqrt'
configure:9178: $? = 0
configure:9181: test -s conftest
configure:9184: $? = 0
configure:9196: result: yes
configure:9212: checking for zlibVersion in -lz
configure:9243: gcc -o conftest -g -O2   conftest.c -lz  -lm  >&5
configure:9246: $? = 0
configure:9249: test -s conftest
configure:9252: $? = 0
configure:9264: result: yes
configure:9289: checking pkgconfig directory
configure:9291: result: ${prefix}/lib/pkgconfig
configure:9411: creating ./config.status

## ---------------------- ##
## Running config.status. ##
## ---------------------- ##

This file was extended by libpng config.status 1.2.8-automake, which was
generated by GNU Autoconf 2.57.  Invocation command line was

  CONFIG_FILES    = 
  CONFIG_HEADERS  = 
  CONFIG_LINKS    = 
  CONFIG_COMMANDS = 
  $ ./config.status 

on ilx3

config.status:668: creating Makefile
config.status:772: creating config.h
config.status:905: config.h is unchanged
config.status:1018: executing depfiles commands

## ---------------- ##
## Cache variables. ##
## ---------------- ##

ac_cv_build=i686-pc-linux-gnu
ac_cv_build_alias=i686-pc-linux-gnu
ac_cv_c_compiler_gnu=yes
ac_cv_c_const=yes
ac_cv_env_CC_set=
ac_cv_env_CC_value=
ac_cv_env_CFLAGS_set=
ac_cv_env_CFLAGS_value=
ac_cv_env_CPPFLAGS_set=
ac_cv_env_CPPFLAGS_value=
ac_cv_env_CPP_set=
ac_cv_env_CPP_value=
ac_cv_env_LDFLAGS_set=
ac_cv_env_LDFLAGS_value=
ac_cv_env_build_alias_set=
ac_cv_env_build_alias_value=
ac_cv_env_host_alias_set=
ac_cv_env_host_alias_value=
ac_cv_env_target_alias_set=
ac_cv_env_target_alias_value=
ac_cv_exeext=
ac_cv_func_malloc_0_nonnull=yes
ac_cv_func_memset=yes
ac_cv_func_pow=no
ac_cv_func_sqrt=no
ac_cv_func_strrchr=yes
ac_cv_func_strtod=yes
ac_cv_have_x='have_x=yes 		ac_x_includes=/usr/X11R6/include ac_x_libraries=/usr/X11R6/lib'
ac_cv_header_dlfcn_h=yes
ac_cv_header_fcntl_h=yes
ac_cv_header_inttypes_h=yes
ac_cv_header_malloc_h=yes
ac_cv_header_memory_h=yes
ac_cv_header_stdc=yes
ac_cv_header_stdint_h=yes
ac_cv_header_stdlib_h=yes
ac_cv_header_string_h=yes
ac_cv_header_strings_h=yes
ac_cv_header_sys_stat_h=yes
ac_cv_header_sys_types_h=yes
ac_cv_header_unistd_h=yes
ac_cv_host=i686-pc-linux-gnu
ac_cv_host_alias=i686-pc-linux-gnu
ac_cv_lib_m_sqrt=yes
ac_cv_lib_z_zlibVersion=yes
ac_cv_objext=o
ac_cv_path_install='/usr/bin/install -c'
ac_cv_prog_AWK=gawk
ac_cv_prog_CPP='gcc -E'
ac_cv_prog_ac_ct_CC=gcc
ac_cv_prog_ac_ct_RANLIB=ranlib
ac_cv_prog_ac_ct_STRIP=strip
ac_cv_prog_cc_g=yes
ac_cv_prog_cc_stdc=
ac_cv_prog_egrep='grep -E'
ac_cv_prog_make_make_set=yes
ac_cv_struct_tm=time.h
ac_cv_type_size_t=yes
am_cv_CC_dependencies_compiler_type=gcc3
lt_cv_archive_cmds_need_lc=no
lt_cv_compiler_c_o=yes
lt_cv_compiler_o_lo=yes
lt_cv_deplibs_check_method=pass_all
lt_cv_file_magic_cmd='$MAGIC_CMD'
lt_cv_file_magic_test_file='/lib/libc.so.6 /lib/libc-2.3.4.so'
lt_cv_global_symbol_to_c_name_address='sed -n -e '\''s/^: \([^ ]*\) $/  {\"\1\", (lt_ptr) 0},/p'\'' -e '\''s/^[BCDEGRST] \([^ ]*\) \([^ ]*\)$/  {"\2", (lt_ptr) \&\2},/p'\'''
lt_cv_global_symbol_to_cdecl='sed -n -e '\''s/^. .* \(.*\)$/extern char \1;/p'\'''
lt_cv_ld_reload_flag=-r
lt_cv_path_LD=/usr/local/bin/ld
lt_cv_path_NM='/usr/bin/nm -B'
lt_cv_path_SED=/bin/sed
lt_cv_prog_cc_can_build_shared=yes
lt_cv_prog_cc_no_builtin=
lt_cv_prog_cc_pic=' -fPIC'
lt_cv_prog_cc_pic_works=yes
lt_cv_prog_cc_shlib=
lt_cv_prog_cc_static=-static
lt_cv_prog_cc_static_works=yes
lt_cv_prog_cc_wl=-Wl,
lt_cv_prog_gnu_ld=yes
lt_cv_sys_global_symbol_pipe='sed -n -e '\''s/^.*[ 	]\([ABCDGISTW][ABCDGISTW]*\)[ 	][ 	]*\(\)\([_A-Za-z][_A-Za-z0-9]*\)$/\1 \2\3 \3/p'\'''

## ----------------- ##
## Output variables. ##
## ----------------- ##

ACLOCAL='${SHELL} /g/g21/jdurren/projects/griz/6/19/GrizDist/PNG/png/missing --run aclocal-1.7'
AMDEPBACKSLASH='\'
AMDEP_FALSE='#'
AMDEP_TRUE=''
AMTAR='${SHELL} /g/g21/jdurren/projects/griz/6/19/GrizDist/PNG/png/missing --run tar'
AUTOCONF='${SHELL} /g/g21/jdurren/projects/griz/6/19/GrizDist/PNG/png/missing --run autoconf'
AUTOHEADER='${SHELL} /g/g21/jdurren/projects/griz/6/19/GrizDist/PNG/png/missing --run autoheader'
AUTOMAKE='${SHELL} /g/g21/jdurren/projects/griz/6/19/GrizDist/PNG/png/missing --run automake-1.7'
AWK='gawk'
CC='gcc'
CCDEPMODE='depmode=gcc3'
CFLAGS='-g -O2'
CPP='gcc -E'
CPPFLAGS=''
CYGPATH_W='echo'
DEFS='-DHAVE_CONFIG_H'
DEPDIR='.deps'
ECHO='echo'
ECHO_C=''
ECHO_N='-n'
ECHO_T=''
EGREP='grep -E'
EXEEXT=''
INSTALL_DATA='${INSTALL} -m 644'
INSTALL_PROGRAM='${INSTALL}'
INSTALL_SCRIPT='${INSTALL}'
INSTALL_STRIP_PROGRAM='${SHELL} $(install_sh) -c -s'
LDFLAGS=''
LIBOBJS=''
LIBPNG12_VERSION_INFO='0:0:0'
LIBPNG3_VERSION_INFO='3:0:0'
LIBS='-lz -lm '
LIBTOOL='$(SHELL) $(top_builddir)/libtool'
LN_S='ln -s'
LTLIBOBJS=''
MAKEINFO='${SHELL} /g/g21/jdurren/projects/griz/6/19/GrizDist/PNG/png/missing --run makeinfo'
OBJEXT='o'
PACKAGE='libpng'
PACKAGE_BUGREPORT='png-implement@ccrc.wustl.edu'
PACKAGE_NAME='libpng'
PACKAGE_STRING='libpng 1.2.8-automake'
PACKAGE_TARNAME='libpng'
PACKAGE_VERSION='1.2.8-automake'
PATH_SEPARATOR=':'
PKGCONFIGDIR='${prefix}/lib/pkgconfig'
POW_LIB=''
RANLIB='ranlib'
SET_MAKE=''
SHELL='/bin/sh'
STRIP='strip'
VERSION='1.2.8-automake'
ac_ct_CC='gcc'
ac_ct_RANLIB='ranlib'
ac_ct_STRIP='strip'
am__fastdepCC_FALSE='#'
am__fastdepCC_TRUE=''
am__include='include'
am__quote=''
bindir='${exec_prefix}/bin'
build='i686-pc-linux-gnu'
build_alias=''
build_cpu='i686'
build_os='linux-gnu'
build_vendor='pc'
datadir='${prefix}/share'
exec_prefix='${prefix}'
host='i686-pc-linux-gnu'
host_alias=''
host_cpu='i686'
host_os='linux-gnu'
host_vendor='pc'
includedir='${prefix}/include'
infodir='${prefix}/info'
install_sh='/g/g21/jdurren/projects/griz/6/19/GrizDist/PNG/png/install-sh'
libdir='${exec_prefix}/lib'
libexecdir='${exec_prefix}/libexec'
localstatedir='${prefix}/var'
mandir='${prefix}/man'
oldincludedir='/usr/include'
prefix='/g/g21/jdurren/projects/griz/6/19/GrizDist/GRIZ4-chaos_3_x86'
program_transform_name='s,x,x,'
sbindir='${exec_prefix}/sbin'
sharedstatedir='${prefix}/com'
sysconfdir='${prefix}/etc'
target_alias=''

## ----------- ##
## confdefs.h. ##
## ----------- ##

#define HAVE_DLFCN_H 1
#define HAVE_FCNTL_H 1
#define HAVE_INTTYPES_H 1
#define HAVE_LIBM 1
#define HAVE_LIBZ 1
#define HAVE_MALLOC 1
#define HAVE_MALLOC_H 1
#define HAVE_MEMORY_H 1
#define HAVE_MEMSET 1
#define HAVE_STDINT_H 1
#define HAVE_STDLIB_H 1
#define HAVE_STDLIB_H 1
#define HAVE_STDLIB_H 1
#define HAVE_STRINGS_H 1
#define HAVE_STRINGS_H 1
#define HAVE_STRING_H 1
#define HAVE_STRING_H 1
#define HAVE_STRRCHR 1
#define HAVE_SYS_STAT_H 1
#define HAVE_SYS_TYPES_H 1
#define HAVE_UNISTD_H 1
#define HAVE_UNISTD_H 1
#define PACKAGE "libpng"
#define PACKAGE_BUGREPORT "png-implement@ccrc.wustl.edu"
#define PACKAGE_NAME "libpng"
#define PACKAGE_STRING "libpng 1.2.8-automake"
#define PACKAGE_TARNAME "libpng"
#define PACKAGE_VERSION "1.2.8-automake"
#define STDC_HEADERS 1
#define STDC_HEADERS 1
#define VERSION "1.2.8-automake"

configure: exit 0
